<?xml version="1.0" encoding="UTF-8"?>
<testng-results ignored="0" total="1" passed="1" failed="0" skipped="0">
  <reporter-output>
  </reporter-output>
  <suite started-at="2022-11-24T12:24:24Z" name="noPcommerce_Suite" finished-at="2022-11-24T12:24:52Z" duration-ms="27563">
    <groups>
    </groups>
    <test started-at="2022-11-24T12:24:24Z" name="noPcommerce_Test" finished-at="2022-11-24T12:24:52Z" duration-ms="27563">
      <class name="com.nopCommerce.testCases.TC_LoginTest_001">
        <test-method is-config="true" signature="setup(java.lang.String)[pri:0, instance:com.nopCommerce.testCases.TC_LoginTest_001@6e509ffa]" started-at="2022-11-24T12:24:25Z" name="setup" finished-at="2022-11-24T12:24:36Z" duration-ms="10839" status="PASS">
          <params>
            <param index="0">
              <value>
                <![CDATA[chrome]]>
              </value>
            </param>
          </params>
          <reporter-output>
          </reporter-output>
        </test-method> <!-- setup -->
        <test-method signature="login()[pri:0, instance:com.nopCommerce.testCases.TC_LoginTest_001@6e509ffa]" started-at="2022-11-24T12:24:36Z" name="login" finished-at="2022-11-24T12:24:51Z" duration-ms="14849" status="PASS">
          <reporter-output>
          </reporter-output>
        </test-method> <!-- login -->
        <test-method is-config="true" signature="tearDown()[pri:0, instance:com.nopCommerce.testCases.TC_LoginTest_001@6e509ffa]" started-at="2022-11-24T12:24:51Z" name="tearDown" finished-at="2022-11-24T12:24:52Z" duration-ms="1379" status="PASS">
          <reporter-output>
          </reporter-output>
        </test-method> <!-- tearDown -->
      </class> <!-- com.nopCommerce.testCases.TC_LoginTest_001 -->
    </test> <!-- noPcommerce_Test -->
  </suite> <!-- noPcommerce_Suite -->
</testng-results>
