<?xml version="1.0" encoding="UTF-8"?>
<testng-results ignored="0" total="1" passed="1" failed="0" skipped="0">
  <reporter-output>
  </reporter-output>
  <suite started-at="2022-11-25T02:18:37Z" name="noPcommerce_Suite" finished-at="2022-11-25T02:19:19Z" duration-ms="41545">
    <groups>
    </groups>
    <test started-at="2022-11-25T02:18:37Z" name="noPcommerce_Test" finished-at="2022-11-25T02:19:19Z" duration-ms="41545">
      <class name="com.nopCommerce.testCases.TC_AddCustomerTest_003">
        <test-method is-config="true" signature="setup(java.lang.String)[pri:0, instance:com.nopCommerce.testCases.TC_AddCustomerTest_003@6e509ffa]" started-at="2022-11-25T02:18:37Z" name="setup" finished-at="2022-11-25T02:18:51Z" duration-ms="13254" status="PASS">
          <params>
            <param index="0">
              <value>
                <![CDATA[chrome]]>
              </value>
            </param>
          </params>
          <reporter-output>
          </reporter-output>
        </test-method> <!-- setup -->
        <test-method signature="addNewCustomer()[pri:0, instance:com.nopCommerce.testCases.TC_AddCustomerTest_003@6e509ffa]" started-at="2022-11-25T02:18:51Z" name="addNewCustomer" finished-at="2022-11-25T02:19:14Z" duration-ms="23431" status="PASS">
          <reporter-output>
          </reporter-output>
        </test-method> <!-- addNewCustomer -->
        <test-method is-config="true" signature="tearDown()[pri:0, instance:com.nopCommerce.testCases.TC_AddCustomerTest_003@6e509ffa]" started-at="2022-11-25T02:19:15Z" name="tearDown" finished-at="2022-11-25T02:19:19Z" duration-ms="3723" status="PASS">
          <reporter-output>
          </reporter-output>
        </test-method> <!-- tearDown -->
      </class> <!-- com.nopCommerce.testCases.TC_AddCustomerTest_003 -->
    </test> <!-- noPcommerce_Test -->
  </suite> <!-- noPcommerce_Suite -->
</testng-results>
